2021-04-16 11:07:59,132:INFO:PyCaret Supervised Module
2021-04-16 11:07:59,132:INFO:ML Usecase: classification
2021-04-16 11:07:59,132:INFO:version 2.3.0
2021-04-16 11:07:59,132:INFO:Initializing setup()
2021-04-16 11:07:59,132:INFO:setup(target=credit, ml_usecase=classification, available_plots={'parameter': 'Hyperparameters', 'auc': 'AUC', 'confusion_matrix': 'Confusion Matrix', 'threshold': 'Threshold', 'pr': 'Precision Recall', 'error': 'Prediction Error', 'class_report': 'Class Report', 'rfe': 'Feature Selection', 'learning': 'Learning Curve', 'manifold': 'Manifold Learning', 'calibration': 'Calibration Curve', 'vc': 'Validation Curve', 'dimension': 'Dimensions', 'feature': 'Feature Importance', 'feature_all': 'Feature Importance (All)', 'boundary': 'Decision Boundary', 'lift': 'Lift Chart', 'gain': 'Gain Chart', 'tree': 'Decision Tree'}, train_size=0.7, test_data=None, preprocess=True, imputation_type=simple, iterative_imputation_iters=5, categorical_features=None, categorical_imputation=constant, categorical_iterative_imputer=lightgbm, ordinal_features=None, high_cardinality_features=None, high_cardinality_method=frequency, numeric_features=None, numeric_imputation=mean, numeric_iterative_imputer=lightgbm, date_features=None, ignore_features=None, normalize=False, normalize_method=zscore, transformation=False, transformation_method=yeo-johnson, handle_unknown_categorical=True, unknown_categorical_method=least_frequent, pca=False, pca_method=linear, pca_components=None, ignore_low_variance=False, combine_rare_levels=False, rare_level_threshold=0.1, bin_numeric_features=None, remove_outliers=False, outliers_threshold=0.05, remove_multicollinearity=False, multicollinearity_threshold=0.9, remove_perfect_collinearity=True, create_clusters=False, cluster_iter=20, polynomial_features=False, polynomial_degree=2, trigonometry_features=False, polynomial_threshold=0.1, group_features=None, group_names=None, feature_selection=False, feature_selection_threshold=0.8, feature_selection_method=classic, feature_interaction=False, feature_ratio=False, interaction_threshold=0.01, fix_imbalance=False, fix_imbalance_method=None, transform_target=False, transform_target_method=box-cox, data_split_shuffle=True, data_split_stratify=False, fold_strategy=stratifiedkfold, fold=10, fold_shuffle=False, fold_groups=None, n_jobs=-1, use_gpu=False, custom_pipeline=None, html=True, session_id=None, log_experiment=False, experiment_name=None, log_plots=False, log_profile=False, log_data=False, silent=False, verbose=True, profile=False, profile_kwargs=None, display=None)
2021-04-16 11:07:59,133:INFO:Checking environment
2021-04-16 11:07:59,133:INFO:python_version: 3.8.5
2021-04-16 11:07:59,133:INFO:python_build: ('default', 'Sep  3 2020 21:29:08')
2021-04-16 11:07:59,133:INFO:machine: AMD64
2021-04-16 11:07:59,133:INFO:platform: Windows-10-10.0.19041-SP0
2021-04-16 11:07:59,133:INFO:Memory: svmem(total=17034301440, available=12351619072, percent=27.5, used=4682682368, free=12351619072)
2021-04-16 11:07:59,133:INFO:Physical Core: 6
2021-04-16 11:07:59,133:INFO:Logical Core: 12
2021-04-16 11:07:59,133:INFO:Checking libraries
2021-04-16 11:07:59,133:INFO:pd==1.2.3
2021-04-16 11:07:59,133:INFO:numpy==1.19.5
2021-04-16 11:07:59,134:INFO:sklearn==0.23.2
2021-04-16 11:07:59,134:INFO:lightgbm==3.2.0
2021-04-16 11:07:59,134:WARNING:catboost not found
2021-04-16 11:07:59,135:WARNING:xgboost not found
2021-04-16 11:07:59,753:INFO:mlflow==1.15.0
2021-04-16 11:07:59,753:INFO:Checking Exceptions
2021-04-16 11:07:59,753:INFO:Declaring global variables
2021-04-16 11:07:59,753:INFO:USI: ee5c
2021-04-16 11:07:59,753:INFO:pycaret_globals: {'n_jobs_param', 'y_train', 'html_param', 'fold_generator', 'fold_groups_param', 'iterative_imputation_iters_param', 'fold_shuffle_param', 'USI', 'X', 'create_model_container', 'imputation_regressor', '_all_metrics', 'imputation_classifier', 'seed', 'data_before_preprocess', '_available_plots', 'logging_param', 'transform_target_method_param', 'stratify_param', 'experiment__', 'X_test', 'X_train', 'y_test', 'display_container', 'gpu_param', '_internal_pipeline', '_all_models', 'master_model_container', 'fix_imbalance_method_param', 'y', 'transform_target_param', '_ml_usecase', 'target_param', 'log_plots_param', '_gpu_n_jobs_param', 'prep_pipe', 'fix_imbalance_param', 'exp_name_log', '_all_models_internal', 'fold_param', 'pycaret_globals'}
2021-04-16 11:07:59,753:INFO:Preparing display monitor
2021-04-16 11:07:59,753:INFO:Preparing display monitor
2021-04-16 11:07:59,753:INFO:Importing libraries
2021-04-16 11:07:59,753:INFO:Copying data for preprocessing
2021-04-16 11:07:59,769:INFO:Declaring preprocessing parameters
2021-04-16 11:07:59,769:INFO:Creating preprocessing pipeline
2021-04-16 11:07:59,805:INFO:Preprocessing pipeline created successfully
2021-04-16 11:07:59,806:ERROR:(Process Exit): setup has been interupted with user command 'quit'. setup must rerun.
2021-04-16 11:07:59,806:INFO:Creating global containers
2021-04-16 11:07:59,807:INFO:Internal pipeline: Pipeline(memory=None, steps=[('empty_step', 'passthrough')], verbose=False)
2021-04-16 11:08:01,610:WARNING:Couldn't import xgboost.XGBClassifier
2021-04-16 11:08:01,610:WARNING:Couldn't import catboost.CatBoostClassifier
2021-04-16 11:08:01,677:WARNING:Couldn't import xgboost.XGBClassifier
2021-04-16 11:08:01,677:WARNING:Couldn't import catboost.CatBoostClassifier
2021-04-16 11:08:01,677:INFO:Creating grid variables
2021-04-16 11:08:01,699:INFO:create_model_container: 0
2021-04-16 11:08:01,699:INFO:master_model_container: 0
2021-04-16 11:08:01,699:INFO:display_container: 1
2021-04-16 11:08:01,703:INFO:Pipeline(memory=None,
         steps=[('dtypes',
                 DataTypes_Auto_infer(categorical_features=[],
                                      display_types=True, features_todrop=[],
                                      id_columns=[],
                                      ml_usecase='classification',
                                      numerical_features=[], target='credit',
                                      time_features=[])),
                ('imputer',
                 Simple_Imputer(categorical_strategy='not_available',
                                fill_value_categorical=None,
                                fill_value_numerical=None,
                                numeric_strat...
                ('scaling', 'passthrough'), ('P_transform', 'passthrough'),
                ('binn', 'passthrough'), ('rem_outliers', 'passthrough'),
                ('cluster_all', 'passthrough'),
                ('dummy', Dummify(target='credit')),
                ('fix_perfect', Remove_100(target='credit')),
                ('clean_names', Clean_Colum_Names()),
                ('feature_select', 'passthrough'), ('fix_multi', 'passthrough'),
                ('dfs', 'passthrough'), ('pca', 'passthrough')],
         verbose=False)
2021-04-16 11:08:01,703:INFO:setup() succesfully completed......................................
2021-04-16 11:08:04,167:INFO:Initializing create_model()
2021-04-16 11:08:04,167:INFO:create_model(estimator=lightgbm, fold=None, round=4, cross_validation=True, predict=True, fit_kwargs=None, groups=None, refit=True, verbose=True, system=True, metrics=None, display=None, kwargs={})
2021-04-16 11:08:04,168:INFO:Checking exceptions
2021-04-16 11:08:04,168:INFO:Preparing display monitor
2021-04-16 11:08:04,183:INFO:Importing libraries
2021-04-16 11:08:04,183:INFO:Copying training dataset
2021-04-16 11:08:04,184:INFO:Defining folds
2021-04-16 11:08:04,185:INFO:Declaring metric variables
2021-04-16 11:08:04,191:INFO:Importing untrained model
2021-04-16 11:08:04,199:INFO:Light Gradient Boosting Machine Imported succesfully
2021-04-16 11:08:04,215:INFO:Starting cross validation
2021-04-16 11:08:04,216:INFO:Cross validating with StratifiedKFold(n_splits=10, random_state=None, shuffle=False), n_jobs=-1
2021-04-16 11:08:09,757:INFO:Calculating mean and std
2021-04-16 11:08:09,759:INFO:Creating metrics dataframe
2021-04-16 11:08:09,790:INFO:Finalizing model
2021-04-16 11:08:10,116:INFO:Uploading results into container
2021-04-16 11:08:10,116:INFO:Uploading model into container now
2021-04-16 11:08:10,142:INFO:create_model_container: 1
2021-04-16 11:08:10,142:INFO:master_model_container: 1
2021-04-16 11:08:10,142:INFO:display_container: 2
2021-04-16 11:08:10,143:INFO:LGBMClassifier(boosting_type='gbdt', class_weight=None, colsample_bytree=1.0,
               importance_type='split', learning_rate=0.1, max_depth=-1,
               min_child_samples=20, min_child_weight=0.001, min_split_gain=0.0,
               n_estimators=100, n_jobs=-1, num_leaves=31, objective=None,
               random_state=8587, reg_alpha=0.0, reg_lambda=0.0, silent=True,
               subsample=1.0, subsample_for_bin=200000, subsample_freq=0)
2021-04-16 11:08:10,144:INFO:create_model() succesfully completed......................................
2021-04-16 11:08:24,080:INFO:Initializing get_config()
2021-04-16 11:08:24,080:INFO:get_config(variable=prep_pipe)
2021-04-16 11:08:24,084:INFO:Global variable: prep_pipe returned as Pipeline(memory=None,
         steps=[('dtypes',
                 DataTypes_Auto_infer(categorical_features=[],
                                      display_types=True, features_todrop=[],
                                      id_columns=[],
                                      ml_usecase='classification',
                                      numerical_features=[], target='credit',
                                      time_features=[])),
                ('imputer',
                 Simple_Imputer(categorical_strategy='not_available',
                                fill_value_categorical=None,
                                fill_value_numerical=None,
                                numeric_strat...
                ('scaling', 'passthrough'), ('P_transform', 'passthrough'),
                ('binn', 'passthrough'), ('rem_outliers', 'passthrough'),
                ('cluster_all', 'passthrough'),
                ('dummy', Dummify(target='credit')),
                ('fix_perfect', Remove_100(target='credit')),
                ('clean_names', Clean_Colum_Names()),
                ('feature_select', 'passthrough'), ('fix_multi', 'passthrough'),
                ('dfs', 'passthrough'), ('pca', 'passthrough')],
         verbose=False)
2021-04-16 11:08:24,084:INFO:get_config() succesfully completed......................................
2021-04-21 16:20:11,908:INFO:PyCaret Supervised Module
2021-04-21 16:20:11,908:INFO:ML Usecase: classification
2021-04-21 16:20:11,908:INFO:version 2.3.0
2021-04-21 16:20:11,908:INFO:Initializing setup()
2021-04-21 16:20:11,908:INFO:setup(target=credit, ml_usecase=classification, available_plots={'parameter': 'Hyperparameters', 'auc': 'AUC', 'confusion_matrix': 'Confusion Matrix', 'threshold': 'Threshold', 'pr': 'Precision Recall', 'error': 'Prediction Error', 'class_report': 'Class Report', 'rfe': 'Feature Selection', 'learning': 'Learning Curve', 'manifold': 'Manifold Learning', 'calibration': 'Calibration Curve', 'vc': 'Validation Curve', 'dimension': 'Dimensions', 'feature': 'Feature Importance', 'feature_all': 'Feature Importance (All)', 'boundary': 'Decision Boundary', 'lift': 'Lift Chart', 'gain': 'Gain Chart', 'tree': 'Decision Tree'}, train_size=0.7, test_data=None, preprocess=True, imputation_type=simple, iterative_imputation_iters=5, categorical_features=None, categorical_imputation=constant, categorical_iterative_imputer=lightgbm, ordinal_features=None, high_cardinality_features=None, high_cardinality_method=frequency, numeric_features=None, numeric_imputation=mean, numeric_iterative_imputer=lightgbm, date_features=None, ignore_features=None, normalize=False, normalize_method=zscore, transformation=False, transformation_method=yeo-johnson, handle_unknown_categorical=True, unknown_categorical_method=least_frequent, pca=False, pca_method=linear, pca_components=None, ignore_low_variance=False, combine_rare_levels=False, rare_level_threshold=0.1, bin_numeric_features=None, remove_outliers=False, outliers_threshold=0.05, remove_multicollinearity=False, multicollinearity_threshold=0.9, remove_perfect_collinearity=True, create_clusters=False, cluster_iter=20, polynomial_features=False, polynomial_degree=2, trigonometry_features=False, polynomial_threshold=0.1, group_features=None, group_names=None, feature_selection=False, feature_selection_threshold=0.8, feature_selection_method=classic, feature_interaction=False, feature_ratio=False, interaction_threshold=0.01, fix_imbalance=False, fix_imbalance_method=None, transform_target=False, transform_target_method=box-cox, data_split_shuffle=True, data_split_stratify=False, fold_strategy=stratifiedkfold, fold=10, fold_shuffle=False, fold_groups=None, n_jobs=-1, use_gpu=False, custom_pipeline=None, html=True, session_id=None, log_experiment=False, experiment_name=None, log_plots=False, log_profile=False, log_data=False, silent=False, verbose=True, profile=False, profile_kwargs=None, display=None)
2021-04-21 16:20:11,908:INFO:Checking environment
2021-04-21 16:20:11,908:INFO:python_version: 3.8.5
2021-04-21 16:20:11,908:INFO:python_build: ('default', 'Sep  3 2020 21:29:08')
2021-04-21 16:20:11,908:INFO:machine: AMD64
2021-04-21 16:20:11,908:INFO:platform: Windows-10-10.0.19041-SP0
2021-04-21 16:20:11,908:INFO:Memory: svmem(total=17034301440, available=11806248960, percent=30.7, used=5228052480, free=11806248960)
2021-04-21 16:20:11,908:INFO:Physical Core: 6
2021-04-21 16:20:11,908:INFO:Logical Core: 12
2021-04-21 16:20:11,908:INFO:Checking libraries
2021-04-21 16:20:11,908:INFO:pd==1.1.3
2021-04-21 16:20:11,908:INFO:numpy==1.19.5
2021-04-21 16:20:11,908:INFO:sklearn==0.23.2
2021-04-21 16:20:11,908:INFO:lightgbm==3.2.0
2021-04-21 16:20:11,908:WARNING:catboost not found
2021-04-21 16:20:11,908:WARNING:xgboost not found
2021-04-21 16:20:12,407:INFO:mlflow==1.15.0
2021-04-21 16:20:12,407:INFO:Checking Exceptions
2021-04-21 16:20:12,407:INFO:Declaring global variables
2021-04-21 16:20:12,407:INFO:USI: 109b
2021-04-21 16:20:12,407:INFO:pycaret_globals: {'fold_param', 'data_before_preprocess', 'target_param', 'USI', 'X_test', 'gpu_param', '_all_models_internal', '_available_plots', 'iterative_imputation_iters_param', 'fold_shuffle_param', 'fix_imbalance_method_param', 'display_container', 'y', 'master_model_container', 'exp_name_log', '_all_metrics', 'fix_imbalance_param', '_all_models', '_gpu_n_jobs_param', 'fold_generator', 'imputation_classifier', 'imputation_regressor', 'pycaret_globals', 'fold_groups_param', '_ml_usecase', 'X', 'X_train', 'html_param', 'logging_param', 'transform_target_method_param', 'log_plots_param', 'experiment__', 'y_train', 'prep_pipe', 'create_model_container', 'stratify_param', 'y_test', 'n_jobs_param', 'transform_target_param', 'seed', '_internal_pipeline'}
2021-04-21 16:20:12,407:INFO:Preparing display monitor
2021-04-21 16:20:12,407:INFO:Preparing display monitor
2021-04-21 16:20:12,407:INFO:Importing libraries
2021-04-21 16:20:12,407:INFO:Copying data for preprocessing
2021-04-21 16:20:12,423:INFO:Declaring preprocessing parameters
2021-04-21 16:20:12,423:INFO:Creating preprocessing pipeline
2021-04-21 16:20:12,452:INFO:Preprocessing pipeline created successfully
2021-04-21 16:20:12,452:ERROR:(Process Exit): setup has been interupted with user command 'quit'. setup must rerun.
2021-04-21 16:20:12,452:INFO:Creating global containers
2021-04-21 16:20:12,454:INFO:Internal pipeline: Pipeline(memory=None, steps=[('empty_step', 'passthrough')], verbose=False)
2021-04-21 16:20:14,040:WARNING:Couldn't import xgboost.XGBClassifier
2021-04-21 16:20:14,041:WARNING:Couldn't import catboost.CatBoostClassifier
2021-04-21 16:20:14,100:WARNING:Couldn't import xgboost.XGBClassifier
2021-04-21 16:20:14,101:WARNING:Couldn't import catboost.CatBoostClassifier
2021-04-21 16:20:14,101:INFO:Creating grid variables
2021-04-21 16:20:14,118:INFO:create_model_container: 0
2021-04-21 16:20:14,118:INFO:master_model_container: 0
2021-04-21 16:20:14,119:INFO:display_container: 1
2021-04-21 16:20:14,122:INFO:Pipeline(memory=None,
         steps=[('dtypes',
                 DataTypes_Auto_infer(categorical_features=[],
                                      display_types=True, features_todrop=[],
                                      id_columns=[],
                                      ml_usecase='classification',
                                      numerical_features=[], target='credit',
                                      time_features=[])),
                ('imputer',
                 Simple_Imputer(categorical_strategy='not_available',
                                fill_value_categorical=None,
                                fill_value_numerical=None,
                                numeric_strat...
                ('scaling', 'passthrough'), ('P_transform', 'passthrough'),
                ('binn', 'passthrough'), ('rem_outliers', 'passthrough'),
                ('cluster_all', 'passthrough'),
                ('dummy', Dummify(target='credit')),
                ('fix_perfect', Remove_100(target='credit')),
                ('clean_names', Clean_Colum_Names()),
                ('feature_select', 'passthrough'), ('fix_multi', 'passthrough'),
                ('dfs', 'passthrough'), ('pca', 'passthrough')],
         verbose=False)
2021-04-21 16:20:14,122:INFO:setup() succesfully completed......................................
2021-04-21 16:20:18,798:INFO:Initializing create_model()
2021-04-21 16:20:18,798:INFO:create_model(estimator=lightgbm, fold=None, round=4, cross_validation=True, predict=True, fit_kwargs=None, groups=None, refit=True, verbose=True, system=True, metrics=None, display=None, kwargs={})
2021-04-21 16:20:18,798:INFO:Checking exceptions
2021-04-21 16:20:18,798:INFO:Preparing display monitor
2021-04-21 16:20:18,817:INFO:Importing libraries
2021-04-21 16:20:18,818:INFO:Copying training dataset
2021-04-21 16:20:18,818:INFO:Defining folds
2021-04-21 16:20:18,818:INFO:Declaring metric variables
2021-04-21 16:20:18,818:INFO:Importing untrained model
2021-04-21 16:20:18,833:INFO:Light Gradient Boosting Machine Imported succesfully
2021-04-21 16:20:18,846:INFO:Starting cross validation
2021-04-21 16:20:18,847:INFO:Cross validating with StratifiedKFold(n_splits=10, random_state=None, shuffle=False), n_jobs=-1
2021-04-21 16:20:23,966:INFO:Calculating mean and std
2021-04-21 16:20:23,966:INFO:Creating metrics dataframe
2021-04-21 16:20:23,990:INFO:Finalizing model
2021-04-21 16:20:24,306:INFO:Uploading results into container
2021-04-21 16:20:24,306:INFO:Uploading model into container now
2021-04-21 16:20:24,332:INFO:create_model_container: 1
2021-04-21 16:20:24,332:INFO:master_model_container: 1
2021-04-21 16:20:24,332:INFO:display_container: 2
2021-04-21 16:20:24,333:INFO:LGBMClassifier(boosting_type='gbdt', class_weight=None, colsample_bytree=1.0,
               importance_type='split', learning_rate=0.1, max_depth=-1,
               min_child_samples=20, min_child_weight=0.001, min_split_gain=0.0,
               n_estimators=100, n_jobs=-1, num_leaves=31, objective=None,
               random_state=6784, reg_alpha=0.0, reg_lambda=0.0, silent=True,
               subsample=1.0, subsample_for_bin=200000, subsample_freq=0)
2021-04-21 16:20:24,333:INFO:create_model() succesfully completed......................................
2021-04-21 16:20:27,391:INFO:Initializing get_config()
2021-04-21 16:20:27,391:INFO:get_config(variable=prep_pipe)
2021-04-21 16:20:27,395:INFO:Global variable: prep_pipe returned as Pipeline(memory=None,
         steps=[('dtypes',
                 DataTypes_Auto_infer(categorical_features=[],
                                      display_types=True, features_todrop=[],
                                      id_columns=[],
                                      ml_usecase='classification',
                                      numerical_features=[], target='credit',
                                      time_features=[])),
                ('imputer',
                 Simple_Imputer(categorical_strategy='not_available',
                                fill_value_categorical=None,
                                fill_value_numerical=None,
                                numeric_strat...
                ('scaling', 'passthrough'), ('P_transform', 'passthrough'),
                ('binn', 'passthrough'), ('rem_outliers', 'passthrough'),
                ('cluster_all', 'passthrough'),
                ('dummy', Dummify(target='credit')),
                ('fix_perfect', Remove_100(target='credit')),
                ('clean_names', Clean_Colum_Names()),
                ('feature_select', 'passthrough'), ('fix_multi', 'passthrough'),
                ('dfs', 'passthrough'), ('pca', 'passthrough')],
         verbose=False)
2021-04-21 16:20:27,395:INFO:get_config() succesfully completed......................................
